{"C:\\Users\\tucuo\\Desktop\\GitRepo\\backend_coverage\\src\\database\\deck.ts": {"path":"C:\\Users\\tucuo\\Desktop\\GitRepo\\backend_coverage\\src\\database\\deck.ts","statementMap":{"0":{"start":{"line":1,"column":0},"end":{"line":1,"column":63}},"1":{"start":{"line":2,"column":0},"end":{"line":2,"column":55}},"2":{"start":{"line":4,"column":29},"end":{"line":4,"column":47}},"3":{"start":{"line":6,"column":23},"end":{"line":42,"column":null}},"4":{"start":{"line":6,"column":72},"end":{"line":42,"column":null}},"5":{"start":{"line":7,"column":17},"end":{"line":7,"column":21}},"6":{"start":{"line":8,"column":4},"end":{"line":8,"column":null}},"7":{"start":{"line":9,"column":4},"end":{"line":39,"column":null}},"8":{"start":{"line":10,"column":31},"end":{"line":10,"column":68}},"9":{"start":{"line":11,"column":31},"end":{"line":15,"column":null}},"10":{"start":{"line":16,"column":8},"end":{"line":20,"column":null}},"11":{"start":{"line":22,"column":8},"end":{"line":35,"column":null}},"12":{"start":{"line":24,"column":12},"end":{"line":34,"column":null}},"13":{"start":{"line":24,"column":25},"end":{"line":24,"column":26}},"14":{"start":{"line":25,"column":51},"end":{"line":29,"column":null}},"15":{"start":{"line":30,"column":16},"end":{"line":33,"column":null}},"16":{"start":{"line":38,"column":8},"end":{"line":38,"column":null}},"17":{"start":{"line":40,"column":4},"end":{"line":40,"column":null}},"18":{"start":{"line":41,"column":4},"end":{"line":41,"column":null}},"19":{"start":{"line":6,"column":13},"end":{"line":6,"column":23}},"20":{"start":{"line":44,"column":24},"end":{"line":55,"column":null}},"21":{"start":{"line":44,"column":77},"end":{"line":55,"column":null}},"22":{"start":{"line":45,"column":31},"end":{"line":45,"column":33}},"23":{"start":{"line":46,"column":4},"end":{"line":46,"column":null}},"24":{"start":{"line":47,"column":4},"end":{"line":52,"column":null}},"25":{"start":{"line":48,"column":8},"end":{"line":51,"column":null}},"26":{"start":{"line":48,"column":21},"end":{"line":48,"column":22}},"27":{"start":{"line":49,"column":27},"end":{"line":49,"column":50}},"28":{"start":{"line":50,"column":12},"end":{"line":50,"column":null}},"29":{"start":{"line":53,"column":4},"end":{"line":53,"column":null}},"30":{"start":{"line":54,"column":4},"end":{"line":54,"column":null}},"31":{"start":{"line":44,"column":13},"end":{"line":44,"column":24}},"32":{"start":{"line":57,"column":24},"end":{"line":90,"column":null}},"33":{"start":{"line":57,"column":75},"end":{"line":90,"column":null}},"34":{"start":{"line":58,"column":37},"end":{"line":58,"column":39}},"35":{"start":{"line":59,"column":4},"end":{"line":59,"column":null}},"36":{"start":{"line":60,"column":26},"end":{"line":64,"column":6}},"37":{"start":{"line":65,"column":4},"end":{"line":86,"column":null}},"38":{"start":{"line":66,"column":8},"end":{"line":85,"column":null}},"39":{"start":{"line":66,"column":21},"end":{"line":66,"column":22}},"40":{"start":{"line":67,"column":35},"end":{"line":67,"column":50}},"41":{"start":{"line":68,"column":46},"end":{"line":72,"column":14}},"42":{"start":{"line":73,"column":42},"end":{"line":78,"column":14}},"43":{"start":{"line":74,"column":16},"end":{"line":77,"column":null}},"44":{"start":{"line":79,"column":60},"end":{"line":83,"column":null}},"45":{"start":{"line":84,"column":12},"end":{"line":84,"column":null}},"46":{"start":{"line":88,"column":4},"end":{"line":88,"column":null}},"47":{"start":{"line":89,"column":4},"end":{"line":89,"column":null}},"48":{"start":{"line":57,"column":13},"end":{"line":57,"column":24}}},"fnMap":{"0":{"name":"(anonymous_7)","decl":{"start":{"line":6,"column":23},"end":{"line":6,"column":30}},"loc":{"start":{"line":6,"column":72},"end":{"line":42,"column":null}}},"1":{"name":"(anonymous_8)","decl":{"start":{"line":6,"column":72},"end":{"line":6,"column":null}},"loc":{"start":{"line":6,"column":72},"end":{"line":42,"column":1}}},"2":{"name":"(anonymous_9)","decl":{"start":{"line":44,"column":24},"end":{"line":44,"column":31}},"loc":{"start":{"line":44,"column":77},"end":{"line":55,"column":null}}},"3":{"name":"(anonymous_10)","decl":{"start":{"line":44,"column":77},"end":{"line":44,"column":null}},"loc":{"start":{"line":44,"column":77},"end":{"line":55,"column":1}}},"4":{"name":"(anonymous_11)","decl":{"start":{"line":57,"column":24},"end":{"line":57,"column":31}},"loc":{"start":{"line":57,"column":75},"end":{"line":90,"column":null}}},"5":{"name":"(anonymous_12)","decl":{"start":{"line":57,"column":75},"end":{"line":57,"column":null}},"loc":{"start":{"line":57,"column":75},"end":{"line":90,"column":1}}},"6":{"name":"(anonymous_13)","decl":{"start":{"line":73,"column":58},"end":{"line":73,"column":69}},"loc":{"start":{"line":73,"column":72},"end":{"line":78,"column":13}}}},"branchMap":{"0":{"loc":{"start":{"line":22,"column":8},"end":{"line":35,"column":null}},"type":"if","locations":[{"start":{"line":22,"column":8},"end":{"line":35,"column":null}}]},"1":{"loc":{"start":{"line":47,"column":4},"end":{"line":52,"column":null}},"type":"if","locations":[{"start":{"line":47,"column":4},"end":{"line":52,"column":null}}]},"2":{"loc":{"start":{"line":65,"column":4},"end":{"line":86,"column":null}},"type":"if","locations":[{"start":{"line":65,"column":4},"end":{"line":86,"column":null}}]}},"s":{"0":1,"1":1,"2":1,"3":1,"4":6,"5":6,"6":6,"7":6,"8":6,"9":6,"10":6,"11":3,"12":3,"13":3,"14":6,"15":6,"16":3,"17":6,"18":6,"19":1,"20":1,"21":2,"22":2,"23":2,"24":2,"25":2,"26":2,"27":4,"28":4,"29":2,"30":2,"31":1,"32":1,"33":2,"34":2,"35":2,"36":2,"37":2,"38":1,"39":1,"40":10,"41":10,"42":10,"43":520,"44":10,"45":10,"46":2,"47":2,"48":1},"f":{"0":6,"1":6,"2":2,"3":2,"4":2,"5":2,"6":520},"b":{"0":[3],"1":[2],"2":[1]}}
,"C:\\Users\\tucuo\\Desktop\\GitRepo\\backend_coverage\\src\\database\\user.ts": {"path":"C:\\Users\\tucuo\\Desktop\\GitRepo\\backend_coverage\\src\\database\\user.ts","statementMap":{"0":{"start":{"line":2,"column":0},"end":{"line":2,"column":51}},"1":{"start":{"line":4,"column":29},"end":{"line":4,"column":47}},"2":{"start":{"line":6,"column":26},"end":{"line":24,"column":null}},"3":{"start":{"line":6,"column":65},"end":{"line":24,"column":null}},"4":{"start":{"line":7,"column":17},"end":{"line":7,"column":21}},"5":{"start":{"line":8,"column":4},"end":{"line":8,"column":null}},"6":{"start":{"line":9,"column":4},"end":{"line":21,"column":null}},"7":{"start":{"line":10,"column":27},"end":{"line":14,"column":null}},"8":{"start":{"line":15,"column":8},"end":{"line":18,"column":null}},"9":{"start":{"line":20,"column":8},"end":{"line":20,"column":null}},"10":{"start":{"line":22,"column":4},"end":{"line":22,"column":null}},"11":{"start":{"line":23,"column":4},"end":{"line":23,"column":null}},"12":{"start":{"line":6,"column":13},"end":{"line":6,"column":26}},"13":{"start":{"line":26,"column":23},"end":{"line":38,"column":null}},"14":{"start":{"line":26,"column":69},"end":{"line":38,"column":null}},"15":{"start":{"line":27,"column":28},"end":{"line":27,"column":32}},"16":{"start":{"line":28,"column":4},"end":{"line":28,"column":null}},"17":{"start":{"line":29,"column":4},"end":{"line":35,"column":null}},"18":{"start":{"line":36,"column":4},"end":{"line":36,"column":null}},"19":{"start":{"line":37,"column":4},"end":{"line":37,"column":null}},"20":{"start":{"line":26,"column":13},"end":{"line":26,"column":23}}},"fnMap":{"0":{"name":"(anonymous_7)","decl":{"start":{"line":6,"column":26},"end":{"line":6,"column":33}},"loc":{"start":{"line":6,"column":65},"end":{"line":24,"column":null}}},"1":{"name":"(anonymous_8)","decl":{"start":{"line":6,"column":65},"end":{"line":6,"column":null}},"loc":{"start":{"line":6,"column":65},"end":{"line":24,"column":1}}},"2":{"name":"(anonymous_9)","decl":{"start":{"line":26,"column":23},"end":{"line":26,"column":30}},"loc":{"start":{"line":26,"column":69},"end":{"line":38,"column":null}}},"3":{"name":"(anonymous_10)","decl":{"start":{"line":26,"column":69},"end":{"line":26,"column":null}},"loc":{"start":{"line":26,"column":69},"end":{"line":38,"column":1}}}},"branchMap":{},"s":{"0":1,"1":1,"2":1,"3":2,"4":2,"5":2,"6":2,"7":2,"8":2,"9":1,"10":2,"11":2,"12":1,"13":1,"14":2,"15":2,"16":2,"17":2,"18":2,"19":2,"20":1},"f":{"0":2,"1":2,"2":2,"3":2},"b":{}}
,"C:\\Users\\tucuo\\Desktop\\GitRepo\\backend_coverage\\src\\hash\\index.ts": {"path":"C:\\Users\\tucuo\\Desktop\\GitRepo\\backend_coverage\\src\\hash\\index.ts","statementMap":{"0":{"start":{"line":1,"column":0},"end":{"line":1,"column":21}},"1":{"start":{"line":2,"column":0},"end":{"line":2,"column":24}}},"fnMap":{},"branchMap":{},"s":{"0":1,"1":1},"f":{},"b":{}}
,"C:\\Users\\tucuo\\Desktop\\GitRepo\\backend_coverage\\src\\hash\\jwt.ts": {"path":"C:\\Users\\tucuo\\Desktop\\GitRepo\\backend_coverage\\src\\hash\\jwt.ts","statementMap":{"0":{"start":{"line":1,"column":0},"end":{"line":1,"column":46}},"1":{"start":{"line":5,"column":2},"end":{"line":13,"column":3}},"2":{"start":{"line":6,"column":19},"end":{"line":6,"column":21}},"3":{"start":{"line":7,"column":45},"end":{"line":7,"column":68}},"4":{"start":{"line":8,"column":6},"end":{"line":11,"column":null}},"5":{"start":{"line":9,"column":26},"end":{"line":9,"column":46}},"6":{"start":{"line":10,"column":10},"end":{"line":10,"column":null}},"7":{"start":{"line":12,"column":6},"end":{"line":12,"column":null}},"8":{"start":{"line":4,"column":13},"end":{"line":4,"column":null}},"9":{"start":{"line":16,"column":2},"end":{"line":35,"column":3}},"10":{"start":{"line":17,"column":43},"end":{"line":17,"column":47}},"11":{"start":{"line":18,"column":48},"end":{"line":18,"column":50}},"12":{"start":{"line":19,"column":45},"end":{"line":19,"column":68}},"13":{"start":{"line":20,"column":6},"end":{"line":26,"column":null}},"14":{"start":{"line":21,"column":10},"end":{"line":25,"column":null}},"15":{"start":{"line":22,"column":14},"end":{"line":22,"column":null}},"16":{"start":{"line":27,"column":6},"end":{"line":33,"column":null}},"17":{"start":{"line":28,"column":10},"end":{"line":32,"column":null}},"18":{"start":{"line":34,"column":6},"end":{"line":34,"column":null}},"19":{"start":{"line":15,"column":13},"end":{"line":15,"column":null}}},"fnMap":{"0":{"name":"(anonymous_1)","decl":{"start":{"line":5,"column":2},"end":{"line":5,"column":3}},"loc":{"start":{"line":5,"column":55},"end":{"line":13,"column":3}}},"1":{"name":"(anonymous_2)","decl":{"start":{"line":16,"column":2},"end":{"line":16,"column":3}},"loc":{"start":{"line":16,"column":20},"end":{"line":35,"column":3}}}},"branchMap":{"0":{"loc":{"start":{"line":8,"column":6},"end":{"line":11,"column":null}},"type":"if","locations":[{"start":{"line":8,"column":6},"end":{"line":11,"column":null}}]},"1":{"loc":{"start":{"line":20,"column":6},"end":{"line":26,"column":null}},"type":"if","locations":[{"start":{"line":20,"column":6},"end":{"line":26,"column":null}}]},"2":{"loc":{"start":{"line":27,"column":6},"end":{"line":33,"column":null}},"type":"if","locations":[{"start":{"line":27,"column":6},"end":{"line":33,"column":null}}]}},"s":{"0":2,"1":2,"2":1,"3":1,"4":1,"5":1,"6":1,"7":1,"8":2,"9":2,"10":2,"11":2,"12":2,"13":2,"14":2,"15":2,"16":2,"17":1,"18":2,"19":2},"f":{"0":1,"1":2},"b":{"0":[1],"1":[2],"2":[1]}}
,"C:\\Users\\tucuo\\Desktop\\GitRepo\\backend_coverage\\src\\hash\\sha256.ts": {"path":"C:\\Users\\tucuo\\Desktop\\GitRepo\\backend_coverage\\src\\hash\\sha256.ts","statementMap":{"0":{"start":{"line":1,"column":0},"end":{"line":1,"column":34}},"1":{"start":{"line":4,"column":0},"end":{"line":12,"column":1}},"2":{"start":{"line":5,"column":17},"end":{"line":5,"column":19}},"3":{"start":{"line":6,"column":43},"end":{"line":6,"column":66}},"4":{"start":{"line":7,"column":4},"end":{"line":10,"column":null}},"5":{"start":{"line":8,"column":46},"end":{"line":8,"column":67}},"6":{"start":{"line":9,"column":8},"end":{"line":9,"column":null}},"7":{"start":{"line":11,"column":4},"end":{"line":11,"column":null}},"8":{"start":{"line":3,"column":13},"end":{"line":3,"column":null}}},"fnMap":{"0":{"name":"(anonymous_0)","decl":{"start":{"line":4,"column":0},"end":{"line":4,"column":1}},"loc":{"start":{"line":4,"column":27},"end":{"line":12,"column":1}}}},"branchMap":{"0":{"loc":{"start":{"line":7,"column":4},"end":{"line":10,"column":null}},"type":"if","locations":[{"start":{"line":7,"column":4},"end":{"line":10,"column":null}}]}},"s":{"0":2,"1":2,"2":7,"3":7,"4":7,"5":7,"6":7,"7":7,"8":2},"f":{"0":7},"b":{"0":[7]}}
}
