TN:
SF:src\database\deck.ts
FN:6,(anonymous_7)
FN:6,(anonymous_8)
FN:44,(anonymous_9)
FN:44,(anonymous_10)
FN:57,(anonymous_11)
FN:57,(anonymous_12)
FN:73,(anonymous_13)
FNF:7
FNH:7
FNDA:6,(anonymous_7)
FNDA:6,(anonymous_8)
FNDA:2,(anonymous_9)
FNDA:2,(anonymous_10)
FNDA:2,(anonymous_11)
FNDA:2,(anonymous_12)
FNDA:520,(anonymous_13)
DA:1,2
DA:2,2
DA:4,2
DA:6,6
DA:7,6
DA:8,6
DA:9,6
DA:10,6
DA:11,6
DA:16,6
DA:22,3
DA:24,3
DA:25,6
DA:30,6
DA:38,3
DA:40,6
DA:41,6
DA:44,2
DA:45,2
DA:46,2
DA:47,2
DA:48,2
DA:49,4
DA:50,4
DA:53,2
DA:54,2
DA:57,2
DA:58,2
DA:59,2
DA:60,2
DA:65,2
DA:66,1
DA:67,10
DA:68,10
DA:73,10
DA:74,520
DA:79,10
DA:84,10
DA:88,2
DA:89,2
LF:40
LH:40
BRDA:22,0,0,3
BRDA:47,1,0,2
BRDA:65,2,0,1
BRF:3
BRH:3
end_of_record
TN:
SF:src\database\index.ts
FNF:0
FNH:0
DA:1,1
DA:2,1
DA:3,1
DA:4,1
DA:5,1
LF:5
LH:5
BRF:0
BRH:0
end_of_record
TN:
SF:src\database\jwt.ts
FN:6,(anonymous_7)
FN:6,(anonymous_8)
FN:23,(anonymous_9)
FN:23,(anonymous_10)
FN:31,(anonymous_11)
FNF:5
FNH:5
FNDA:3,(anonymous_7)
FNDA:3,(anonymous_8)
FNDA:2,(anonymous_9)
FNDA:2,(anonymous_10)
FNDA:380,(anonymous_11)
DA:1,2
DA:2,2
DA:4,2
DA:5,2
DA:6,3
DA:7,3
DA:8,3
DA:9,3
DA:10,3
DA:11,3
DA:17,1
DA:19,3
DA:20,3
DA:22,2
DA:23,2
DA:24,2
DA:25,2
DA:27,2
DA:28,2
DA:30,2
DA:31,2
DA:32,380
DA:33,380
DA:34,5
DA:35,5
DA:39,2
DA:40,2
LF:27
LH:27
BRDA:33,0,0,5
BRDA:33,1,0,380
BRDA:33,1,1,12
BRDA:33,1,2,6
BRF:4
BRH:4
end_of_record
TN:
SF:src\database\transaction.ts
FN:5,(anonymous_7)
FN:5,(anonymous_8)
FN:28,(anonymous_9)
FN:28,(anonymous_10)
FN:46,(anonymous_11)
FN:46,(anonymous_12)
FNF:6
FNH:6
FNDA:5,(anonymous_7)
FNDA:5,(anonymous_8)
FNDA:107,(anonymous_9)
FNDA:107,(anonymous_10)
FNDA:2,(anonymous_11)
FNDA:2,(anonymous_12)
DA:1,3
DA:3,3
DA:4,3
DA:5,5
DA:6,5
DA:7,5
DA:8,5
DA:9,5
DA:11,3
DA:17,3
DA:19,2
DA:25,2
DA:28,107
DA:29,107
DA:39,107
DA:41,5
DA:42,5
DA:45,3
DA:46,3
DA:47,2
DA:48,2
DA:49,2
DA:50,2
DA:56,1
DA:58,2
DA:59,2
LF:26
LH:26
BRDA:9,0,0,3
BRDA:9,0,1,2
BRF:2
BRH:2
end_of_record
TN:
SF:src\database\user.ts
FN:7,(anonymous_7)
FN:7,(anonymous_8)
FN:27,(anonymous_9)
FN:27,(anonymous_10)
FN:41,(anonymous_11)
FN:41,(anonymous_12)
FN:56,(anonymous_13)
FN:56,(anonymous_14)
FNF:8
FNH:8
FNDA:2,(anonymous_7)
FNDA:2,(anonymous_8)
FNDA:2,(anonymous_9)
FNDA:2,(anonymous_10)
FNDA:2,(anonymous_11)
FNDA:2,(anonymous_12)
FNDA:2,(anonymous_13)
FNDA:2,(anonymous_14)
DA:2,2
DA:4,2
DA:5,2
DA:7,2
DA:8,2
DA:9,2
DA:10,2
DA:11,2
DA:16,2
DA:21,1
DA:23,2
DA:24,2
DA:27,2
DA:28,2
DA:29,2
DA:30,2
DA:37,2
DA:38,2
DA:41,2
DA:42,2
DA:43,2
DA:54,2
DA:56,2
DA:57,2
DA:58,2
DA:59,2
DA:66,2
DA:67,1
DA:68,1
DA:69,1
DA:71,1
DA:72,1
DA:73,1
DA:81,2
DA:82,2
LF:35
LH:35
BRDA:66,0,0,1
BRDA:68,1,0,1
BRF:2
BRH:2
end_of_record
TN:
SF:src\database\verify.ts
FN:5,(anonymous_7)
FN:5,(anonymous_8)
FN:26,(anonymous_9)
FN:26,(anonymous_10)
FN:52,(anonymous_11)
FN:52,(anonymous_12)
FNF:6
FNH:6
FNDA:4,(anonymous_7)
FNDA:4,(anonymous_8)
FNDA:3,(anonymous_9)
FNDA:3,(anonymous_10)
FNDA:2,(anonymous_11)
FNDA:2,(anonymous_12)
DA:1,2
DA:4,2
DA:5,4
DA:6,4
DA:7,4
DA:8,4
DA:9,4
DA:13,4
DA:19,2
DA:21,4
DA:22,4
DA:25,2
DA:26,3
DA:27,3
DA:28,3
DA:29,3
DA:30,3
DA:35,2
DA:36,2
DA:45,1
DA:47,3
DA:48,3
DA:51,2
DA:52,2
DA:53,2
DA:54,2
DA:55,2
DA:56,2
DA:65,1
DA:67,2
DA:68,2
LF:31
LH:31
BRF:0
BRH:0
end_of_record
TN:
SF:src\endpoint\app.ts
FN:14,(anonymous_1)
FN:10,(anonymous_2)
FNF:2
FNH:2
FNDA:1,(anonymous_1)
FNDA:1,(anonymous_2)
DA:1,1
DA:2,1
DA:3,1
DA:4,1
DA:5,1
DA:7,1
DA:10,1
DA:11,1
DA:12,1
DA:15,1
DA:16,1
DA:17,1
DA:18,1
DA:19,1
DA:20,1
LF:15
LH:15
BRF:0
BRH:0
end_of_record
TN:
SF:src\endpoint\authentication.ts
FN:6,(anonymous_7)
FN:7,(anonymous_8)
FN:7,(anonymous_9)
FN:42,(anonymous_10)
FN:42,(anonymous_11)
FNF:5
FNH:1
FNDA:1,(anonymous_7)
FNDA:0,(anonymous_8)
FNDA:0,(anonymous_9)
FNDA:0,(anonymous_10)
FNDA:0,(anonymous_11)
DA:2,1
DA:3,1
DA:6,1
DA:7,1
DA:8,0
DA:9,0
DA:10,0
DA:11,0
DA:12,0
DA:13,0
DA:14,0
DA:15,0
DA:16,0
DA:17,0
DA:18,0
DA:19,0
DA:20,0
DA:21,0
DA:24,0
DA:25,0
DA:26,0
DA:27,0
DA:32,0
DA:38,0
DA:42,1
DA:43,0
DA:44,0
DA:50,0
DA:51,0
DA:52,0
DA:53,0
DA:54,0
DA:56,0
DA:61,0
DA:63,0
DA:64,0
DA:65,0
DA:72,0
LF:38
LH:5
BRDA:13,0,0,0
BRDA:17,1,0,0
BRDA:19,2,0,0
BRDA:25,3,0,0
BRDA:54,4,0,0
BRF:5
BRH:0
end_of_record
TN:
SF:src\endpoint\transaction.ts
FN:12,(anonymous_7)
FN:13,(anonymous_8)
FN:13,(anonymous_9)
FN:28,(anonymous_10)
FN:28,(anonymous_11)
FN:81,(anonymous_12)
FN:81,(anonymous_13)
FNF:7
FNH:3
FNDA:1,(anonymous_7)
FNDA:1,(anonymous_8)
FNDA:1,(anonymous_9)
FNDA:0,(anonymous_10)
FNDA:0,(anonymous_11)
FNDA:0,(anonymous_12)
FNDA:0,(anonymous_13)
DA:2,1
DA:3,1
DA:4,1
DA:5,1
DA:6,1
DA:12,1
DA:13,1
DA:15,1
DA:16,1
DA:17,1
DA:18,1
DA:19,1
DA:22,1
DA:26,1
DA:27,1
DA:28,1
DA:30,0
DA:31,0
DA:32,0
DA:33,0
DA:34,0
DA:35,0
DA:37,0
DA:38,0
DA:39,0
DA:40,0
DA:41,0
DA:42,0
DA:43,0
DA:44,0
DA:46,0
DA:48,0
DA:49,0
DA:50,0
DA:52,0
DA:53,0
DA:63,0
DA:64,0
DA:65,0
DA:66,0
DA:68,0
DA:69,0
DA:70,0
DA:71,0
DA:72,0
DA:77,0
DA:81,1
DA:83,0
DA:84,0
DA:85,0
DA:86,0
DA:87,0
DA:88,0
DA:89,0
DA:90,0
DA:91,0
DA:92,0
DA:94,0
DA:95,0
DA:96,0
DA:97,0
DA:101,0
DA:102,0
DA:103,0
DA:104,0
DA:105,0
DA:106,0
DA:108,0
DA:109,0
DA:111,0
DA:117,0
DA:121,0
DA:127,0
DA:129,0
DA:130,0
DA:131,0
DA:132,0
DA:133,0
DA:134,0
DA:135,0
DA:136,0
DA:137,0
DA:147,0
DA:148,0
DA:149,0
DA:150,0
DA:151,0
DA:152,0
DA:157,0
LF:89
LH:17
BRDA:35,0,0,0
BRDA:48,1,0,0
BRDA:64,2,0,0
BRDA:69,3,0,0
BRDA:89,4,0,0
BRDA:90,5,0,0
BRDA:97,6,0,0
BRDA:97,7,0,0
BRDA:97,7,1,0
BRDA:97,7,2,0
BRDA:97,7,3,0
BRDA:106,8,0,0
BRDA:149,9,0,0
BRF:13
BRH:0
end_of_record
TN:
SF:src\hash\index.ts
FNF:0
FNH:0
DA:1,3
DA:2,3
LF:2
LH:2
BRF:0
BRH:0
end_of_record
TN:
SF:src\hash\jwt.ts
FN:5,(anonymous_1)
FN:16,(anonymous_2)
FNF:2
FNH:2
FNDA:2,(anonymous_1)
FNDA:382,(anonymous_2)
DA:1,4
DA:4,4
DA:5,4
DA:6,2
DA:7,2
DA:8,2
DA:9,2
DA:10,2
DA:12,2
DA:15,4
DA:16,4
DA:17,382
DA:18,382
DA:19,382
DA:20,382
DA:21,382
DA:22,382
DA:27,382
DA:28,13
DA:34,382
LF:20
LH:20
BRDA:8,0,0,2
BRDA:20,1,0,382
BRDA:27,2,0,13
BRF:3
BRH:3
end_of_record
TN:
SF:src\hash\sha256.ts
FN:4,(anonymous_0)
FNF:1
FNH:1
FNDA:8,(anonymous_0)
DA:1,4
DA:3,4
DA:4,4
DA:5,8
DA:6,8
DA:7,8
DA:8,8
DA:9,8
DA:11,8
LF:9
LH:9
BRDA:7,0,0,8
BRF:1
BRH:1
end_of_record
TN:
SF:src\service\client.ts
FN:16,(anonymous_7)
FN:16,(anonymous_8)
FN:46,(anonymous_9)
FN:46,(anonymous_10)
FNF:4
FNH:4
FNDA:2,(anonymous_7)
FNDA:2,(anonymous_8)
FNDA:2,(anonymous_9)
FNDA:2,(anonymous_10)
DA:1,2
DA:2,2
DA:3,2
DA:6,2
DA:7,2
DA:8,2
DA:9,2
DA:10,2
DA:11,2
DA:12,2
DA:15,2
DA:16,2
DA:17,2
DA:18,2
DA:19,2
DA:20,2
DA:21,2
DA:22,2
DA:23,2
DA:24,2
DA:26,2
DA:31,2
DA:34,2
DA:35,2
DA:37,2
DA:40,2
DA:42,2
DA:45,2
DA:46,2
DA:47,2
DA:48,2
DA:53,2
DA:56,2
DA:57,2
DA:58,2
DA:61,2
DA:63,2
LF:37
LH:37
BRDA:11,0,0,2
BRDA:23,1,0,2
BRDA:26,2,0,2
BRDA:26,3,0,2
BRDA:26,3,1,2
BRDA:26,3,2,2
BRDA:26,3,3,2
BRDA:48,4,0,2
BRDA:48,5,0,2
BRDA:48,5,1,2
BRDA:48,5,2,2
BRDA:48,5,3,2
BRF:12
BRH:12
end_of_record
TN:
SF:src\service\game.ts
FN:3,(anonymous_0)
FN:59,(anonymous_1)
FN:75,(anonymous_2)
FN:92,(anonymous_3)
FN:121,(anonymous_4)
FN:124,(anonymous_5)
FN:157,(anonymous_6)
FN:171,(anonymous_7)
FN:182,(anonymous_8)
FN:204,(anonymous_9)
FN:210,(anonymous_10)
FN:213,(anonymous_11)
FNF:12
FNH:12
FNDA:58,(anonymous_0)
FNDA:86,(anonymous_1)
FNDA:22,(anonymous_2)
FNDA:11,(anonymous_3)
FNDA:15,(anonymous_4)
FNDA:12,(anonymous_5)
FNDA:16,(anonymous_6)
FNDA:5,(anonymous_7)
FNDA:5,(anonymous_8)
FNDA:1,(anonymous_9)
FNDA:4,(anonymous_10)
FNDA:4,(anonymous_11)
DA:3,1
DA:4,58
DA:5,58
DA:6,58
DA:7,58
DA:9,58
DA:10,58
DA:12,58
DA:13,9
DA:14,9
DA:15,4
DA:16,4
DA:17,4
DA:18,4
DA:19,4
DA:20,4
DA:21,4
DA:22,4
DA:23,4
DA:24,4
DA:25,4
DA:26,4
DA:27,4
DA:28,4
DA:29,4
DA:30,4
DA:31,4
DA:32,4
DA:33,4
DA:34,4
DA:35,4
DA:36,4
DA:37,4
DA:38,4
DA:41,58
DA:42,15
DA:43,15
DA:44,14
DA:45,14
DA:46,14
DA:47,14
DA:48,14
DA:49,14
DA:51,58
DA:52,57
DA:57,58
DA:59,1
DA:60,86
DA:61,86
DA:62,8
DA:63,8
DA:64,8
DA:65,8
DA:66,4
DA:67,4
DA:68,18
DA:69,18
DA:70,48
DA:71,48
DA:73,86
DA:75,1
DA:76,22
DA:77,22
DA:78,1
DA:79,1
DA:80,1
DA:81,1
DA:82,1
DA:83,1
DA:84,1
DA:85,1
DA:86,18
DA:87,18
DA:90,22
DA:92,1
DA:93,11
DA:94,11
DA:95,9
DA:97,2
DA:101,2
DA:103,7
DA:108,7
DA:114,7
DA:120,7
DA:121,15
DA:123,7
DA:124,12
DA:126,7
DA:127,5
DA:128,5
DA:130,2
DA:131,2
DA:134,7
DA:136,7
DA:138,2
DA:139,2
DA:141,5
DA:142,1
DA:143,1
DA:145,4
DA:146,2
DA:147,2
DA:149,2
DA:152,2
DA:155,4
DA:157,1
DA:158,16
DA:159,16
DA:160,1
DA:161,1
DA:162,1
DA:163,1
DA:164,2
DA:165,2
DA:166,12
DA:167,12
DA:169,16
DA:171,1
DA:172,5
DA:173,5
DA:174,4
DA:180,5
DA:182,1
DA:183,5
DA:184,5
DA:185,5
DA:186,4
DA:189,1
DA:193,1
DA:194,1
DA:195,1
DA:196,1
DA:197,1
DA:198,1
DA:199,1
DA:202,5
DA:204,1
DA:205,1
DA:206,1
DA:207,1
DA:209,2
DA:210,4
DA:211,2
DA:213,2
DA:214,4
DA:215,4
DA:220,2
DA:225,2
DA:230,1
LF:149
LH:149
BRDA:12,0,0,9
BRDA:12,0,1,4
BRDA:12,0,2,4
BRDA:12,0,3,4
BRDA:12,0,4,4
BRDA:12,0,5,4
BRDA:12,0,6,4
BRDA:12,0,7,4
BRDA:12,0,8,4
BRDA:12,0,9,4
BRDA:12,0,10,4
BRDA:12,0,11,4
BRDA:12,0,12,4
BRDA:41,1,0,15
BRDA:41,1,1,14
BRDA:41,1,2,14
BRDA:41,1,3,14
BRDA:51,2,0,57
BRDA:51,3,0,58
BRDA:51,3,1,57
BRDA:61,4,0,8
BRDA:61,4,1,8
BRDA:61,4,2,4
BRDA:61,4,3,18
BRDA:61,4,4,48
BRDA:77,5,0,1
BRDA:77,5,1,1
BRDA:77,5,2,1
BRDA:77,5,3,1
BRDA:77,5,4,18
BRDA:94,6,0,9
BRDA:95,7,0,2
BRDA:95,8,0,9
BRDA:95,8,1,2
BRDA:126,9,0,5
BRDA:126,9,1,2
BRDA:136,10,0,2
BRDA:136,11,0,7
BRDA:136,11,1,3
BRDA:141,12,0,1
BRDA:141,13,0,5
BRDA:141,13,1,1
BRDA:145,14,0,2
BRDA:159,15,0,1
BRDA:159,15,1,1
BRDA:159,15,2,2
BRDA:159,15,3,12
BRDA:173,16,0,4
BRDA:185,17,0,4
BRDA:185,18,0,5
BRDA:185,18,1,4
BRDA:186,19,0,1
BRDA:186,19,1,1
BRDA:186,19,2,1
BRDA:186,19,3,1
BRDA:206,20,0,1
BRDA:214,21,0,4
BRF:57
BRH:57
end_of_record
