TN:
SF:src\database\deck.ts
FN:6,(anonymous_7)
FN:6,(anonymous_8)
FN:44,(anonymous_9)
FN:44,(anonymous_10)
FN:57,(anonymous_11)
FN:57,(anonymous_12)
FN:73,(anonymous_13)
FNF:7
FNH:7
FNDA:6,(anonymous_7)
FNDA:6,(anonymous_8)
FNDA:2,(anonymous_9)
FNDA:2,(anonymous_10)
FNDA:2,(anonymous_11)
FNDA:2,(anonymous_12)
FNDA:520,(anonymous_13)
DA:1,1
DA:2,1
DA:4,1
DA:6,6
DA:7,6
DA:8,6
DA:9,6
DA:10,6
DA:11,6
DA:16,6
DA:22,3
DA:24,3
DA:25,6
DA:30,6
DA:38,3
DA:40,6
DA:41,6
DA:44,2
DA:45,2
DA:46,2
DA:47,2
DA:48,2
DA:49,4
DA:50,4
DA:53,2
DA:54,2
DA:57,2
DA:58,2
DA:59,2
DA:60,2
DA:65,2
DA:66,1
DA:67,10
DA:68,10
DA:73,10
DA:74,520
DA:79,10
DA:84,10
DA:88,2
DA:89,2
LF:40
LH:40
BRDA:22,0,0,3
BRDA:47,1,0,2
BRDA:65,2,0,1
BRF:3
BRH:3
end_of_record
TN:
SF:src\database\jwt.ts
FN:6,(anonymous_7)
FN:6,(anonymous_8)
FN:23,(anonymous_9)
FN:23,(anonymous_10)
FN:31,(anonymous_11)
FNF:5
FNH:5
FNDA:3,(anonymous_7)
FNDA:3,(anonymous_8)
FNDA:2,(anonymous_9)
FNDA:2,(anonymous_10)
FNDA:1470,(anonymous_11)
DA:1,1
DA:2,1
DA:4,1
DA:5,1
DA:6,3
DA:7,3
DA:8,3
DA:9,3
DA:10,3
DA:11,3
DA:17,1
DA:19,3
DA:20,3
DA:22,1
DA:23,2
DA:24,2
DA:25,2
DA:27,2
DA:28,2
DA:30,2
DA:31,2
DA:32,1470
DA:33,1470
DA:34,1
DA:35,1
DA:39,2
DA:40,2
LF:27
LH:27
BRDA:33,0,0,1
BRDA:33,1,0,1470
BRDA:33,1,1,2
BRDA:33,1,2,1
BRF:4
BRH:4
end_of_record
TN:
SF:src\database\transaction.ts
FN:5,(anonymous_7)
FN:5,(anonymous_8)
FN:28,(anonymous_9)
FN:28,(anonymous_10)
FN:46,(anonymous_11)
FN:46,(anonymous_12)
FNF:6
FNH:6
FNDA:5,(anonymous_7)
FNDA:5,(anonymous_8)
FNDA:179,(anonymous_9)
FNDA:179,(anonymous_10)
FNDA:2,(anonymous_11)
FNDA:2,(anonymous_12)
DA:1,2
DA:3,2
DA:4,2
DA:5,5
DA:6,5
DA:7,5
DA:8,5
DA:9,5
DA:11,3
DA:17,3
DA:19,2
DA:25,2
DA:28,179
DA:29,179
DA:39,179
DA:41,5
DA:42,5
DA:45,2
DA:46,2
DA:47,2
DA:48,2
DA:49,2
DA:50,2
DA:56,1
DA:58,2
DA:59,2
LF:26
LH:26
BRDA:9,0,0,3
BRDA:9,0,1,2
BRF:2
BRH:2
end_of_record
TN:
SF:src\database\user.ts
FN:7,(anonymous_7)
FN:7,(anonymous_8)
FN:27,(anonymous_9)
FN:27,(anonymous_10)
FN:41,(anonymous_11)
FN:41,(anonymous_12)
FN:56,(anonymous_13)
FN:56,(anonymous_14)
FNF:8
FNH:8
FNDA:2,(anonymous_7)
FNDA:2,(anonymous_8)
FNDA:1,(anonymous_9)
FNDA:1,(anonymous_10)
FNDA:2,(anonymous_11)
FNDA:2,(anonymous_12)
FNDA:2,(anonymous_13)
FNDA:2,(anonymous_14)
DA:2,1
DA:4,1
DA:5,1
DA:7,2
DA:8,2
DA:9,2
DA:10,2
DA:11,2
DA:16,2
DA:21,1
DA:23,2
DA:24,2
DA:27,1
DA:28,1
DA:29,1
DA:30,1
DA:37,1
DA:38,1
DA:41,2
DA:42,2
DA:43,2
DA:54,2
DA:56,2
DA:57,2
DA:58,2
DA:59,2
DA:66,2
DA:67,1
DA:68,1
DA:69,1
DA:71,1
DA:72,1
DA:73,1
DA:81,2
DA:82,2
LF:35
LH:35
BRDA:66,0,0,1
BRDA:68,1,0,1
BRF:2
BRH:2
end_of_record
TN:
SF:src\hash\index.ts
FNF:0
FNH:0
DA:1,2
DA:2,2
LF:2
LH:2
BRF:0
BRH:0
end_of_record
TN:
SF:src\hash\jwt.ts
FN:5,(anonymous_1)
FN:16,(anonymous_2)
FNF:2
FNH:2
FNDA:2,(anonymous_1)
FNDA:1472,(anonymous_2)
DA:1,3
DA:4,3
DA:5,3
DA:6,2
DA:7,2
DA:8,2
DA:9,2
DA:10,2
DA:12,2
DA:15,3
DA:16,3
DA:17,1472
DA:18,1472
DA:19,1472
DA:20,1472
DA:21,1472
DA:22,1472
DA:27,1472
DA:28,3
DA:34,1472
LF:20
LH:20
BRDA:8,0,0,2
BRDA:20,1,0,1472
BRDA:27,2,0,3
BRF:3
BRH:3
end_of_record
TN:
SF:src\hash\sha256.ts
FN:4,(anonymous_0)
FNF:1
FNH:1
FNDA:7,(anonymous_0)
DA:1,3
DA:3,3
DA:4,3
DA:5,7
DA:6,7
DA:7,7
DA:8,7
DA:9,7
DA:11,7
LF:9
LH:9
BRDA:7,0,0,7
BRF:1
BRH:1
end_of_record
TN:
SF:src\service\client.ts
FN:16,(anonymous_7)
FN:16,(anonymous_8)
FN:46,(anonymous_9)
FN:46,(anonymous_10)
FNF:4
FNH:4
FNDA:2,(anonymous_7)
FNDA:2,(anonymous_8)
FNDA:2,(anonymous_9)
FNDA:2,(anonymous_10)
DA:1,1
DA:2,1
DA:3,1
DA:6,1
DA:7,1
DA:8,1
DA:9,1
DA:10,1
DA:11,1
DA:12,1
DA:15,1
DA:16,2
DA:17,2
DA:18,2
DA:19,2
DA:20,2
DA:21,2
DA:22,2
DA:23,2
DA:24,2
DA:26,2
DA:31,2
DA:34,2
DA:35,2
DA:37,2
DA:40,2
DA:42,2
DA:45,1
DA:46,2
DA:47,2
DA:48,2
DA:53,2
DA:56,2
DA:57,2
DA:58,2
DA:61,2
DA:63,2
LF:37
LH:37
BRDA:11,0,0,1
BRDA:23,1,0,2
BRDA:26,2,0,2
BRDA:26,3,0,2
BRDA:26,3,1,2
BRDA:26,3,2,2
BRDA:26,3,3,2
BRDA:48,4,0,2
BRDA:48,5,0,2
BRDA:48,5,1,2
BRDA:48,5,2,2
BRDA:48,5,3,2
BRF:12
BRH:12
end_of_record
TN:
SF:src\service\game.ts
FN:3,(anonymous_0)
FN:59,(anonymous_1)
FN:75,(anonymous_2)
FN:92,(anonymous_3)
FN:121,(anonymous_4)
FN:124,(anonymous_5)
FN:157,(anonymous_6)
FN:171,(anonymous_7)
FN:182,(anonymous_8)
FN:204,(anonymous_9)
FN:210,(anonymous_10)
FN:213,(anonymous_11)
FNF:12
FNH:12
FNDA:58,(anonymous_0)
FNDA:86,(anonymous_1)
FNDA:22,(anonymous_2)
FNDA:11,(anonymous_3)
FNDA:15,(anonymous_4)
FNDA:12,(anonymous_5)
FNDA:16,(anonymous_6)
FNDA:5,(anonymous_7)
FNDA:5,(anonymous_8)
FNDA:1,(anonymous_9)
FNDA:4,(anonymous_10)
FNDA:4,(anonymous_11)
DA:3,1
DA:4,58
DA:5,58
DA:6,58
DA:7,58
DA:9,58
DA:10,58
DA:12,58
DA:13,9
DA:14,9
DA:15,4
DA:16,4
DA:17,4
DA:18,4
DA:19,4
DA:20,4
DA:21,4
DA:22,4
DA:23,4
DA:24,4
DA:25,4
DA:26,4
DA:27,4
DA:28,4
DA:29,4
DA:30,4
DA:31,4
DA:32,4
DA:33,4
DA:34,4
DA:35,4
DA:36,4
DA:37,4
DA:38,4
DA:41,58
DA:42,15
DA:43,15
DA:44,14
DA:45,14
DA:46,14
DA:47,14
DA:48,14
DA:49,14
DA:51,58
DA:52,57
DA:57,58
DA:59,1
DA:60,86
DA:61,86
DA:62,8
DA:63,8
DA:64,8
DA:65,8
DA:66,4
DA:67,4
DA:68,18
DA:69,18
DA:70,48
DA:71,48
DA:73,86
DA:75,1
DA:76,22
DA:77,22
DA:78,1
DA:79,1
DA:80,1
DA:81,1
DA:82,1
DA:83,1
DA:84,1
DA:85,1
DA:86,18
DA:87,18
DA:90,22
DA:92,1
DA:93,11
DA:94,11
DA:95,9
DA:97,2
DA:101,2
DA:103,7
DA:108,7
DA:114,7
DA:120,7
DA:121,15
DA:123,7
DA:124,12
DA:126,7
DA:127,5
DA:128,5
DA:130,2
DA:131,2
DA:134,7
DA:136,7
DA:138,2
DA:139,2
DA:141,5
DA:142,1
DA:143,1
DA:145,4
DA:146,2
DA:147,2
DA:149,2
DA:152,2
DA:155,4
DA:157,1
DA:158,16
DA:159,16
DA:160,1
DA:161,1
DA:162,1
DA:163,1
DA:164,2
DA:165,2
DA:166,12
DA:167,12
DA:169,16
DA:171,1
DA:172,5
DA:173,5
DA:174,4
DA:180,5
DA:182,1
DA:183,5
DA:184,5
DA:185,5
DA:186,4
DA:189,1
DA:193,1
DA:194,1
DA:195,1
DA:196,1
DA:197,1
DA:198,1
DA:199,1
DA:202,5
DA:204,1
DA:205,1
DA:206,1
DA:207,1
DA:209,2
DA:210,4
DA:211,2
DA:213,2
DA:214,4
DA:215,4
DA:220,2
DA:225,2
DA:230,1
LF:149
LH:149
BRDA:12,0,0,9
BRDA:12,0,1,4
BRDA:12,0,2,4
BRDA:12,0,3,4
BRDA:12,0,4,4
BRDA:12,0,5,4
BRDA:12,0,6,4
BRDA:12,0,7,4
BRDA:12,0,8,4
BRDA:12,0,9,4
BRDA:12,0,10,4
BRDA:12,0,11,4
BRDA:12,0,12,4
BRDA:41,1,0,15
BRDA:41,1,1,14
BRDA:41,1,2,14
BRDA:41,1,3,14
BRDA:51,2,0,57
BRDA:51,3,0,58
BRDA:51,3,1,57
BRDA:61,4,0,8
BRDA:61,4,1,8
BRDA:61,4,2,4
BRDA:61,4,3,18
BRDA:61,4,4,48
BRDA:77,5,0,1
BRDA:77,5,1,1
BRDA:77,5,2,1
BRDA:77,5,3,1
BRDA:77,5,4,18
BRDA:94,6,0,9
BRDA:95,7,0,2
BRDA:95,8,0,9
BRDA:95,8,1,2
BRDA:126,9,0,5
BRDA:126,9,1,2
BRDA:136,10,0,2
BRDA:136,11,0,7
BRDA:136,11,1,3
BRDA:141,12,0,1
BRDA:141,13,0,5
BRDA:141,13,1,1
BRDA:145,14,0,2
BRDA:159,15,0,1
BRDA:159,15,1,1
BRDA:159,15,2,2
BRDA:159,15,3,12
BRDA:173,16,0,4
BRDA:185,17,0,4
BRDA:185,18,0,5
BRDA:185,18,1,4
BRDA:186,19,0,1
BRDA:186,19,1,1
BRDA:186,19,2,1
BRDA:186,19,3,1
BRDA:206,20,0,1
BRDA:214,21,0,4
BRF:57
BRH:57
end_of_record
TN:
SF:src\socket\utils\room.ts
FN:4,(anonymous_0)
FN:6,(anonymous_1)
FN:7,(anonymous_2)
FN:16,(anonymous_3)
FN:17,(anonymous_4)
FN:18,(anonymous_5)
FN:24,(anonymous_6)
FN:28,(anonymous_7)
FN:35,(anonymous_8)
FN:49,(anonymous_9)
FN:51,(anonymous_10)
FN:58,(anonymous_11)
FN:59,(anonymous_12)
FN:62,(anonymous_13)
FN:73,(anonymous_14)
FN:83,(anonymous_15)
FN:93,(anonymous_16)
FN:117,(anonymous_17)
FN:126,(anonymous_18)
FN:128,(anonymous_19)
FN:129,(anonymous_20)
FN:137,(anonymous_21)
FN:165,(anonymous_22)
FN:189,(anonymous_23)
FN:208,(anonymous_24)
FN:220,(anonymous_25)
FN:241,(anonymous_26)
FN:243,(anonymous_27)
FN:252,(anonymous_28)
FNF:29
FNH:21
FNDA:23,(anonymous_0)
FNDA:41,(anonymous_1)
FNDA:57,(anonymous_2)
FNDA:17,(anonymous_3)
FNDA:32,(anonymous_4)
FNDA:49,(anonymous_5)
FNDA:21,(anonymous_6)
FNDA:16,(anonymous_7)
FNDA:5,(anonymous_8)
FNDA:8,(anonymous_9)
FNDA:14,(anonymous_10)
FNDA:9,(anonymous_11)
FNDA:17,(anonymous_12)
FNDA:2,(anonymous_13)
FNDA:2,(anonymous_14)
FNDA:6,(anonymous_15)
FNDA:3,(anonymous_16)
FNDA:2,(anonymous_17)
FNDA:0,(anonymous_18)
FNDA:0,(anonymous_19)
FNDA:0,(anonymous_20)
FNDA:0,(anonymous_21)
FNDA:3,(anonymous_22)
FNDA:0,(anonymous_23)
FNDA:2,(anonymous_24)
FNDA:2,(anonymous_25)
FNDA:0,(anonymous_26)
FNDA:0,(anonymous_27)
FNDA:0,(anonymous_28)
DA:3,1
DA:4,1
DA:5,23
DA:6,23
DA:7,41
DA:8,57
DA:9,23
DA:10,14
DA:12,23
DA:15,1
DA:16,1
DA:17,17
DA:18,32
DA:19,49
DA:20,17
DA:23,1
DA:24,1
DA:25,21
DA:26,21
DA:27,21
DA:28,13
DA:29,16
DA:31,21
DA:34,1
DA:35,1
DA:36,5
DA:37,5
DA:38,5
DA:39,5
DA:40,4
DA:41,4
DA:42,4
DA:43,1
DA:46,5
DA:48,1
DA:49,1
DA:50,8
DA:51,14
DA:52,8
DA:53,5
DA:55,8
DA:58,1
DA:59,17
DA:60,9
DA:62,1
DA:63,2
DA:64,2
DA:65,2
DA:66,1
DA:67,1
DA:69,2
DA:72,1
DA:73,1
DA:74,2
DA:75,2
DA:76,2
DA:77,2
DA:78,1
DA:79,1
DA:81,2
DA:83,1
DA:84,6
DA:85,6
DA:86,6
DA:87,4
DA:89,6
DA:92,1
DA:93,1
DA:94,3
DA:95,3
DA:96,3
DA:97,3
DA:98,2
DA:100,1
DA:104,1
DA:106,1
DA:109,1
DA:111,2
DA:113,3
DA:116,1
DA:117,1
DA:118,2
DA:119,2
DA:120,2
DA:121,2
DA:122,1
DA:124,2
DA:126,1
DA:127,0
DA:128,0
DA:129,0
DA:130,0
DA:131,0
DA:132,0
DA:134,0
DA:136,1
DA:137,1
DA:138,0
DA:139,0
DA:140,0
DA:141,0
DA:142,0
DA:150,0
DA:151,0
DA:152,0
DA:156,0
DA:157,0
DA:159,0
DA:162,0
DA:164,1
DA:165,1
DA:166,3
DA:167,3
DA:168,3
DA:169,3
DA:170,2
DA:172,1
DA:173,4
DA:176,1
DA:178,1
DA:179,4
DA:181,1
DA:183,2
DA:185,3
DA:188,1
DA:189,1
DA:190,0
DA:191,0
DA:192,0
DA:193,0
DA:194,0
DA:195,0
DA:197,0
DA:202,0
DA:204,0
DA:207,1
DA:208,1
DA:209,2
DA:210,2
DA:211,2
DA:212,2
DA:213,1
DA:214,1
DA:216,2
DA:219,1
DA:220,1
DA:221,2
DA:222,2
DA:223,2
DA:224,2
DA:225,1
DA:226,1
DA:227,4
DA:228,2
DA:229,2
DA:230,2
DA:231,2
DA:233,2
DA:237,2
DA:240,1
DA:241,1
DA:242,0
DA:243,0
DA:244,0
DA:245,0
DA:247,0
DA:248,0
DA:249,0
DA:250,0
DA:252,0
DA:253,0
LF:171
LH:133
BRDA:9,0,0,14
BRDA:27,1,0,13
BRDA:39,2,0,4
BRDA:39,3,0,5
BRDA:39,3,1,4
BRDA:42,4,0,1
BRDA:52,5,0,5
BRDA:65,6,0,1
BRDA:77,7,0,1
BRDA:77,8,0,2
BRDA:77,8,1,1
BRDA:86,9,0,4
BRDA:97,10,0,2
BRDA:97,11,0,3
BRDA:97,11,1,2
BRDA:98,12,0,1
BRDA:98,12,1,1
BRDA:121,13,0,1
BRDA:121,14,0,2
BRDA:121,14,1,1
BRDA:131,15,0,0
BRDA:140,16,0,0
BRDA:141,17,0,0
BRDA:151,18,0,0
BRDA:151,18,1,0
BRDA:169,19,0,2
BRDA:169,20,0,3
BRDA:169,20,1,2
BRDA:170,21,0,1
BRDA:170,21,1,1
BRDA:191,22,0,0
BRDA:194,23,0,0
BRDA:194,23,1,0
BRDA:212,24,0,1
BRDA:212,25,0,2
BRDA:212,25,1,1
BRDA:224,26,0,1
BRDA:224,27,0,2
BRDA:224,27,1,1
BRDA:227,28,0,2
BRDA:227,28,1,2
BRDA:244,29,0,0
BRF:42
BRH:33
end_of_record
